# JRE version: Java(TM) SE Runtime Environment (8.0_92-b14) (build 1.8.0_92-b14)
# Java VM: Java HotSpot(TM) 64-Bit Server VM (25.92-b14 mixed mode linux-amd64 compressed oops)
Heap:
 PSYoungGen      total 74752K, used 73649K [0x000000076cb80000, 0x0000000771e80000, 0x00000007c0000000)
  eden space 64512K, 98% used [0x000000076cb80000,0x000000077096d3d8,0x0000000770a80000)
  from space 10240K, 99% used [0x0000000771480000,0x0000000771e7f3e0,0x0000000771e80000)
  to   space 10240K, 0% used [0x0000000770a80000,0x0000000770a80000,0x0000000771480000)
 ParOldGen       total 71680K, used 7534K [0x00000006c6200000, 0x00000006ca800000, 0x000000076cb80000)
  object space 71680K, 10% used [0x00000006c6200000,0x00000006c695ba78,0x00000006ca800000)
 Metaspace       used 24949K, capacity 26392K, committed 26496K, reserved 1073152K
  class space    used 3374K, capacity 3672K, committed 3712K, reserved 1048576K
GC Heap History (6 events):
Event: 4.729 GC heap before
{Heap before GC invocations=1 (full 0):
 PSYoungGen      total 74752K, used 47924K [0x000000076cb80000, 0x0000000771e80000, 0x00000007c0000000)
  eden space 64512K, 74% used [0x000000076cb80000,0x000000076fa4d140,0x0000000770a80000)
  from space 10240K, 0% used [0x0000000771480000,0x0000000771480000,0x0000000771e80000)
  to   space 10240K, 0% used [0x0000000770a80000,0x0000000770a80000,0x0000000771480000)
 ParOldGen       total 171008K, used 0K [0x00000006c6200000, 0x00000006d0900000, 0x000000076cb80000)
  object space 171008K, 0% used [0x00000006c6200000,0x00000006c6200000,0x00000006d0900000)
 Metaspace       used 19946K, capacity 21072K, committed 21248K, reserved 1067008K
  class space    used 2995K, capacity 3243K, committed 3328K, reserved 1048576K
Event: 4.734 GC heap after
Heap after GC invocations=1 (full 0):
 PSYoungGen      total 74752K, used 7287K [0x000000076cb80000, 0x0000000771e80000, 0x00000007c0000000)
  eden space 64512K, 0% used [0x000000076cb80000,0x000000076cb80000,0x0000000770a80000)
  from space 10240K, 71% used [0x0000000770a80000,0x000000077119df10,0x0000000771480000)
  to   space 10240K, 0% used [0x0000000771480000,0x0000000771480000,0x0000000771e80000)
 ParOldGen       total 171008K, used 24K [0x00000006c6200000, 0x00000006d0900000, 0x000000076cb80000)
  object space 171008K, 0% used [0x00000006c6200000,0x00000006c6206000,0x00000006d0900000)
 Metaspace       used 19946K, capacity 21072K, committed 21248K, reserved 1067008K
  class space    used 2995K, capacity 3243K, committed 3328K, reserved 1048576K
}
Event: 4.734 GC heap before
{Heap before GC invocations=2 (full 1):
 PSYoungGen      total 74752K, used 7287K [0x000000076cb80000, 0x0000000771e80000, 0x00000007c0000000)
  eden space 64512K, 0% used [0x000000076cb80000,0x000000076cb80000,0x0000000770a80000)
  from space 10240K, 71% used [0x0000000770a80000,0x000000077119df10,0x0000000771480000)
  to   space 10240K, 0% used [0x0000000771480000,0x0000000771480000,0x0000000771e80000)
 ParOldGen       total 171008K, used 24K [0x00000006c6200000, 0x00000006d0900000, 0x000000076cb80000)
  object space 171008K, 0% used [0x00000006c6200000,0x00000006c6206000,0x00000006d0900000)
 Metaspace       used 19946K, capacity 21072K, committed 21248K, reserved 1067008K
  class space    used 2995K, capacity 3243K, committed 3328K, reserved 1048576K
Event: 4.753 GC heap after
Heap after GC invocations=2 (full 1):
 PSYoungGen      total 74752K, used 0K [0x000000076cb80000, 0x0000000771e80000, 0x00000007c0000000)
  eden space 64512K, 0% used [0x000000076cb80000,0x000000076cb80000,0x0000000770a80000)
  from space 10240K, 0% used [0x0000000770a80000,0x0000000770a80000,0x0000000771480000)
  to   space 10240K, 0% used [0x0000000771480000,0x0000000771480000,0x0000000771e80000)
 ParOldGen       total 71680K, used 7088K [0x00000006c6200000, 0x00000006ca800000, 0x000000076cb80000)
  object space 71680K, 9% used [0x00000006c6200000,0x00000006c68ec0d8,0x00000006ca800000)
 Metaspace       used 19946K, capacity 21072K, committed 21248K, reserved 1067008K
  class space    used 2995K, capacity 3243K, committed 3328K, reserved 1048576K
}
Event: 11.661 GC heap before
{Heap before GC invocations=3 (full 1):
 PSYoungGen      total 74752K, used 64512K [0x000000076cb80000, 0x0000000771e80000, 0x00000007c0000000)
  eden space 64512K, 100% used [0x000000076cb80000,0x0000000770a80000,0x0000000770a80000)
  from space 10240K, 0% used [0x0000000770a80000,0x0000000770a80000,0x0000000771480000)
  to   space 10240K, 0% used [0x0000000771480000,0x0000000771480000,0x0000000771e80000)
 ParOldGen       total 71680K, used 7088K [0x00000006c6200000, 0x00000006ca800000, 0x000000076cb80000)
  object space 71680K, 9% used [0x00000006c6200000,0x00000006c68ec0d8,0x00000006ca800000)
 Metaspace       used 24106K, capacity 25524K, committed 25728K, reserved 1071104K
  class space    used 3355K, capacity 3666K, committed 3712K, reserved 1048576K
Event: 11.665 GC heap after
Heap after GC invocations=3 (full 1):
 PSYoungGen      total 74752K, used 10236K [0x000000076cb80000, 0x0000000771e80000, 0x00000007c0000000)
  eden space 64512K, 0% used [0x000000076cb80000,0x000000076cb80000,0x0000000770a80000)
  from space 10240K, 99% used [0x0000000771480000,0x0000000771e7f3e0,0x0000000771e80000)
  to   space 10240K, 0% used [0x0000000770a80000,0x0000000770a80000,0x0000000771480000)
 ParOldGen       total 71680K, used 7534K [0x00000006c6200000, 0x00000006ca800000, 0x000000076cb80000)
  object space 71680K, 10% used [0x00000006c6200000,0x00000006c695ba78,0x00000006ca800000)
 Metaspace       used 24106K, capacity 25524K, committed 25728K, reserved 1071104K
  class space    used 3355K, capacity 3666K, committed 3712K, reserved 1048576K
}

