# JRE version: Java(TM) SE Runtime Environment (8.0_101-b13) (build 1.8.0_101-b13)
# Java VM: Java HotSpot(TM) 64-Bit Server VM (25.101-b13 mixed mode linux-amd64 compressed oops)
Heap:
 PSYoungGen      total 74752K, used 63363K [0x000000076cb80000, 0x0000000771e80000, 0x00000007c0000000)
  eden space 64512K, 83% used [0x000000076cb80000,0x0000000770007d60,0x0000000770a80000)
  from space 10240K, 93% used [0x0000000771480000,0x0000000771dd9168,0x0000000771e80000)
  to   space 10240K, 0% used [0x0000000770a80000,0x0000000770a80000,0x0000000771480000)
 ParOldGen       total 71680K, used 7104K [0x00000006c6200000, 0x00000006ca800000, 0x000000076cb80000)
  object space 71680K, 9% used [0x00000006c6200000,0x00000006c68f02a8,0x00000006ca800000)
 Metaspace       used 24907K, capacity 26324K, committed 26496K, reserved 1073152K
  class space    used 3382K, capacity 3672K, committed 3712K, reserved 1048576K
GC Heap History (6 events):
Event: 4.927 GC heap before
{Heap before GC invocations=1 (full 0):
 PSYoungGen      total 74752K, used 48067K [0x000000076cb80000, 0x0000000771e80000, 0x00000007c0000000)
  eden space 64512K, 74% used [0x000000076cb80000,0x000000076fa70c40,0x0000000770a80000)
  from space 10240K, 0% used [0x0000000771480000,0x0000000771480000,0x0000000771e80000)
  to   space 10240K, 0% used [0x0000000770a80000,0x0000000770a80000,0x0000000771480000)
 ParOldGen       total 171008K, used 0K [0x00000006c6200000, 0x00000006d0900000, 0x000000076cb80000)
  object space 171008K, 0% used [0x00000006c6200000,0x00000006c6200000,0x00000006d0900000)
 Metaspace       used 19932K, capacity 21058K, committed 21248K, reserved 1067008K
  class space    used 2997K, capacity 3242K, committed 3328K, reserved 1048576K
Event: 4.933 GC heap after
Heap after GC invocations=1 (full 0):
 PSYoungGen      total 74752K, used 7274K [0x000000076cb80000, 0x0000000771e80000, 0x00000007c0000000)
  eden space 64512K, 0% used [0x000000076cb80000,0x000000076cb80000,0x0000000770a80000)
  from space 10240K, 71% used [0x0000000770a80000,0x000000077119a990,0x0000000771480000)
  to   space 10240K, 0% used [0x0000000771480000,0x0000000771480000,0x0000000771e80000)
 ParOldGen       total 171008K, used 24K [0x00000006c6200000, 0x00000006d0900000, 0x000000076cb80000)
  object space 171008K, 0% used [0x00000006c6200000,0x00000006c6206000,0x00000006d0900000)
 Metaspace       used 19932K, capacity 21058K, committed 21248K, reserved 1067008K
  class space    used 2997K, capacity 3242K, committed 3328K, reserved 1048576K
}
Event: 4.933 GC heap before
{Heap before GC invocations=2 (full 1):
 PSYoungGen      total 74752K, used 7274K [0x000000076cb80000, 0x0000000771e80000, 0x00000007c0000000)
  eden space 64512K, 0% used [0x000000076cb80000,0x000000076cb80000,0x0000000770a80000)
  from space 10240K, 71% used [0x0000000770a80000,0x000000077119a990,0x0000000771480000)
  to   space 10240K, 0% used [0x0000000771480000,0x0000000771480000,0x0000000771e80000)
 ParOldGen       total 171008K, used 24K [0x00000006c6200000, 0x00000006d0900000, 0x000000076cb80000)
  object space 171008K, 0% used [0x00000006c6200000,0x00000006c6206000,0x00000006d0900000)
 Metaspace       used 19932K, capacity 21058K, committed 21248K, reserved 1067008K
  class space    used 2997K, capacity 3242K, committed 3328K, reserved 1048576K
Event: 4.953 GC heap after
Heap after GC invocations=2 (full 1):
 PSYoungGen      total 74752K, used 0K [0x000000076cb80000, 0x0000000771e80000, 0x00000007c0000000)
  eden space 64512K, 0% used [0x000000076cb80000,0x000000076cb80000,0x0000000770a80000)
  from space 10240K, 0% used [0x0000000770a80000,0x0000000770a80000,0x0000000771480000)
  to   space 10240K, 0% used [0x0000000771480000,0x0000000771480000,0x0000000771e80000)
 ParOldGen       total 71680K, used 7096K [0x00000006c6200000, 0x00000006ca800000, 0x000000076cb80000)
  object space 71680K, 9% used [0x00000006c6200000,0x00000006c68ee2a8,0x00000006ca800000)
 Metaspace       used 19932K, capacity 21058K, committed 21248K, reserved 1067008K
  class space    used 2997K, capacity 3242K, committed 3328K, reserved 1048576K
}
Event: 11.977 GC heap before
{Heap before GC invocations=3 (full 1):
 PSYoungGen      total 74752K, used 64512K [0x000000076cb80000, 0x0000000771e80000, 0x00000007c0000000)
  eden space 64512K, 100% used [0x000000076cb80000,0x0000000770a80000,0x0000000770a80000)
  from space 10240K, 0% used [0x0000000770a80000,0x0000000770a80000,0x0000000771480000)
  to   space 10240K, 0% used [0x0000000771480000,0x0000000771480000,0x0000000771e80000)
 ParOldGen       total 71680K, used 7096K [0x00000006c6200000, 0x00000006ca800000, 0x000000076cb80000)
  object space 71680K, 9% used [0x00000006c6200000,0x00000006c68ee2a8,0x00000006ca800000)
 Metaspace       used 24150K, capacity 25576K, committed 25728K, reserved 1071104K
  class space    used 3361K, capacity 3666K, committed 3712K, reserved 1048576K
Event: 11.983 GC heap after
Heap after GC invocations=3 (full 1):
 PSYoungGen      total 74752K, used 9572K [0x000000076cb80000, 0x0000000771e80000, 0x00000007c0000000)
  eden space 64512K, 0% used [0x000000076cb80000,0x000000076cb80000,0x0000000770a80000)
  from space 10240K, 93% used [0x0000000771480000,0x0000000771dd9168,0x0000000771e80000)
  to   space 10240K, 0% used [0x0000000770a80000,0x0000000770a80000,0x0000000771480000)
 ParOldGen       total 71680K, used 7104K [0x00000006c6200000, 0x00000006ca800000, 0x000000076cb80000)
  object space 71680K, 9% used [0x00000006c6200000,0x00000006c68f02a8,0x00000006ca800000)
 Metaspace       used 24150K, capacity 25576K, committed 25728K, reserved 1071104K
  class space    used 3361K, capacity 3666K, committed 3712K, reserved 1048576K
}

